Loading nvidia/nvhpc/22.11
  Loading requirement: gcc/8.2.0
Traceback (most recent call last):
  File "/mnt/lustre/indy2lfs/work/sc118/sc118/xliao11/PIXEL/./scripts/training/run_pretraining.py", line 527, in <module>
Traceback (most recent call last):
  File "/mnt/lustre/indy2lfs/work/sc118/sc118/xliao11/PIXEL/./scripts/training/run_pretraining.py", line 527, in <module>
Traceback (most recent call last):
  File "/mnt/lustre/indy2lfs/work/sc118/sc118/xliao11/PIXEL/./scripts/training/run_pretraining.py", line 527, in <module>
    main()
  File "/mnt/lustre/indy2lfs/work/sc118/sc118/xliao11/PIXEL/./scripts/training/run_pretraining.py", line 224, in main
    main()
  File "/mnt/lustre/indy2lfs/work/sc118/sc118/xliao11/PIXEL/./scripts/training/run_pretraining.py", line 224, in main
    model_args, data_args, training_args = parser.parse_json_file(json_file=os.path.abspath(sys.argv[1]))
  File "/work/sc118/sc118/xliao11/miniconda3/envs/pixel-env/lib/python3.9/site-packages/transformers/hf_argparser.py", line 229, in parse_json_file
    model_args, data_args, training_args = parser.parse_json_file(json_file=os.path.abspath(sys.argv[1]))
  File "/work/sc118/sc118/xliao11/miniconda3/envs/pixel-env/lib/python3.9/site-packages/transformers/hf_argparser.py", line 229, in parse_json_file
    obj = dtype(**inputs)
TypeError: __init__() missing 1 required positional argument: 'output_dir'
    obj = dtype(**inputs)
TypeError: __init__() missing 1 required positional argument: 'output_dir'
Traceback (most recent call last):
  File "/mnt/lustre/indy2lfs/work/sc118/sc118/xliao11/PIXEL/./scripts/training/run_pretraining.py", line 527, in <module>
    main()
  File "/mnt/lustre/indy2lfs/work/sc118/sc118/xliao11/PIXEL/./scripts/training/run_pretraining.py", line 224, in main
    model_args, data_args, training_args = parser.parse_json_file(json_file=os.path.abspath(sys.argv[1]))
  File "/work/sc118/sc118/xliao11/miniconda3/envs/pixel-env/lib/python3.9/site-packages/transformers/hf_argparser.py", line 229, in parse_json_file
    main()
  File "/mnt/lustre/indy2lfs/work/sc118/sc118/xliao11/PIXEL/./scripts/training/run_pretraining.py", line 224, in main
    model_args, data_args, training_args = parser.parse_json_file(json_file=os.path.abspath(sys.argv[1]))
  File "/work/sc118/sc118/xliao11/miniconda3/envs/pixel-env/lib/python3.9/site-packages/transformers/hf_argparser.py", line 229, in parse_json_file
    obj = dtype(**inputs)
TypeError: __init__() missing 1 required positional argument: 'output_dir'
    obj = dtype(**inputs)
TypeError: __init__() missing 1 required positional argument: 'output_dir'
srun: error: r2i4n3: tasks 0-1: Exited with exit code 1
srun: launch/slurm: _step_signal: Terminating StepId=4343253.0
srun: error: r2i4n5: tasks 2-3: Exited with exit code 1
